<?xml version="1.0" encoding="UTF-8"?>
<!-- Generated by org.testng.reporters.JUnitXMLReporter -->
<testsuite hostname="DESKTOP-JV9VLGP" ignored="0" name="Chrome Test" tests="2" failures="1" timestamp="2022-01-23T18:49:04 EET" time="54.88" errors="0">
  <testcase name="addToCartProduct" time="9.375" classname="Weather.Shopping.EndToEndBuyProduct">
    <failure type="java.lang.IndexOutOfBoundsException" message="Index: 0, Size: 0">
      <![CDATA[java.lang.IndexOutOfBoundsException: Index: 0, Size: 0
at java.util.ArrayList.rangeCheck(Unknown Source)
at java.util.ArrayList.get(Unknown Source)
at resources.Sunscreens.getMinimumspf50Price(Sunscreens.java:76)
at Weather.Shopping.EndToEndBuyProduct.addToCartProduct(EndToEndBuyProduct.java:140)
at java.util.ArrayList.forEach(Unknown Source)
at java.util.concurrent.FutureTask.run(Unknown Source)
at java.util.concurrent.ThreadPoolExecutor.runWorker(Unknown Source)
at java.util.concurrent.ThreadPoolExecutor$Worker.run(Unknown Source)
at java.lang.Thread.run(Unknown Source)
... Removed 18 stack frames]]>
    </failure>
  </testcase> <!-- addToCartProduct -->
  <testcase name="checkout" time="0.0" classname="Weather.Shopping.EndToEndBuyProduct">
    <skipped/>
  </testcase> <!-- checkout -->
</testsuite> <!-- Chrome Test -->
